<?xml version="1.0" encoding="UTF-8"?>
<!-- Generated by org.testng.reporters.JUnitReportReporter -->
<testsuite skipped="0" hostname="Lakshmis-MacBook-Pro.local" name="com.automation.tests.automationScripts" tests="1" failures="0" timestamp="2023-06-13T22:51:51 MST" time="4.750" errors="0">
  <testcase name="TC_1_error_login_salesforce_testscript" time="4.750" classname="com.automation.tests.automationScripts"/>
  <system-out/>
</testsuite> <!-- com.automation.tests.automationScripts -->
